<!DOCTYPE html>
<html>
<head>
    <title>Unittest Results</title>
    <meta charset="utf-8">
    <meta name="viewport" content="width=device-width, initial-scale=1.0">
    <link rel="stylesheet" href="https://maxcdn.bootstrapcdn.com/bootstrap/3.3.6/css/bootstrap.min.css" integrity="sha384-1q8mTJOASx8j1Au+a5WDVnPi2lkFfwwEAa8hDDdjZlpLegxhjVME1fgjWPGmkzs7" crossorigin="anonymous">
</head>
<body>
    <div class="container">
        <div class="row">
            <div class="col-xs-12">
                <h2 class="text-capitalize">Unittest Results</h2>
                <p class='attribute'><strong>Start Time: </strong>2021-12-17 13:00:17</p>
                <p class='attribute'><strong>Duration: </strong>6.69 s</p>
                <p class='attribute'><strong>Summary: </strong>Total: 2, Pass: 1, Error: 1</p>
            </div>
        </div>
        <div class="row">
            <div class="col-xs-12 col-sm-10 col-md-10">
                <table class='table table-hover table-responsive'>
                    <thead>
                        <tr>
                            <th>__main__.MyTestCase</th>
                            <th>Status</th>
                            <th></th>
                        </tr>
                    </thead>
                    <tbody>
                        <tr class='success'>
                            <td class="col-xs-10">test_a_login</td>
                            <td class="col-xs-1">
                                <span class="label label-success" style="display:block;width:40px;">Pass</span>
                            </td>
                            <td class="col-xs-1">
                            </td>
                        </tr>
                        <tr class='warning'>
                            <td class="col-xs-10">test_b_createAccount</td>
                            <td class="col-xs-1">
                                <span class="label label-warning" style="display:block;width:40px;">Error</span>
                            </td>
                            <td class="col-xs-1">
                                <button class="btn btn-default btn-xs">View</button>
                            </td>
                        </tr>
                        <tr style="display:none;">
                            <td class="col-xs-9" colspan="3"><p style="color:maroon;">NoSuchElementException: Message: no such element: Unable to locate element: {"method":"xpath","selector":"//a[@tittle='Create Menu']"}
  (Session info: chrome=96.0.4664.110)
Stacktrace:
Backtrace:
	Ordinal0 [0x00D96903+2517251]
	Ordinal0 [0x00D2F8E1+2095329]
	Ordinal0 [0x00C32848+1058888]
	Ordinal0 [0x00C5D448+1233992]
	Ordinal0 [0x00C5D63B+1234491]
	Ordinal0 [0x00C87812+1406994]
	Ordinal0 [0x00C7650A+1336586]
	Ordinal0 [0x00C85BBF+1399743]
	Ordinal0 [0x00C7639B+1336219]
	Ordinal0 [0x00C527A7+1189799]
	Ordinal0 [0x00C53609+1193481]
	GetHandleVerifier [0x00F25904+1577972]
	GetHandleVerifier [0x00FD0B97+2279047]
	GetHandleVerifier [0x00E26D09+534521]
	GetHandleVerifier [0x00E25DB9+530601]
	Ordinal0 [0x00D34FF9+2117625]
	Ordinal0 [0x00D398A8+2136232]
	Ordinal0 [0x00D399E2+2136546]
	Ordinal0 [0x00D43541+2176321]
	BaseThreadInitThunk [0x75B4FA29+25]
	RtlGetAppContainerNamedObjectPath [0x77807A9E+286]
	RtlGetAppContainerNamedObjectPath [0x77807A6E+238]
</p><p style="color:maroon;">Traceback (most recent call last):
  File "C:\Users\jhunter\PycharmProjects\SeleniumExamples\UnitTest\unittest7.py", line 35, in test_b_createAccount
    self.driver.find_element_by_xpath("//a[@tittle='Create Menu']").click()
  File "C:\Users\jhunter\AppData\Local\Packages\PythonSoftwareFoundation.Python.3.9_qbz5n2kfra8p0\LocalCache\local-packages\Python39\site-packages\selenium\webdriver\remote\webdriver.py", line 520, in find_element_by_xpath
    return self.find_element(by=By.XPATH, value=xpath)
  File "C:\Users\jhunter\AppData\Local\Packages\PythonSoftwareFoundation.Python.3.9_qbz5n2kfra8p0\LocalCache\local-packages\Python39\site-packages\selenium\webdriver\remote\webdriver.py", line 1244, in find_element
    return self.execute(Command.FIND_ELEMENT, {
  File "C:\Users\jhunter\AppData\Local\Packages\PythonSoftwareFoundation.Python.3.9_qbz5n2kfra8p0\LocalCache\local-packages\Python39\site-packages\selenium\webdriver\remote\webdriver.py", line 424, in execute
    self.error_handler.check_response(response)
  File "C:\Users\jhunter\AppData\Local\Packages\PythonSoftwareFoundation.Python.3.9_qbz5n2kfra8p0\LocalCache\local-packages\Python39\site-packages\selenium\webdriver\remote\errorhandler.py", line 247, in check_response
    raise exception_class(message, screen, stacktrace)
selenium.common.exceptions.NoSuchElementException: Message: no such element: Unable to locate element: {"method":"xpath","selector":"//a[@tittle='Create Menu']"}
  (Session info: chrome=96.0.4664.110)
Stacktrace:
Backtrace:
	Ordinal0 [0x00D96903+2517251]
	Ordinal0 [0x00D2F8E1+2095329]
	Ordinal0 [0x00C32848+1058888]
	Ordinal0 [0x00C5D448+1233992]
	Ordinal0 [0x00C5D63B+1234491]
	Ordinal0 [0x00C87812+1406994]
	Ordinal0 [0x00C7650A+1336586]
	Ordinal0 [0x00C85BBF+1399743]
	Ordinal0 [0x00C7639B+1336219]
	Ordinal0 [0x00C527A7+1189799]
	Ordinal0 [0x00C53609+1193481]
	GetHandleVerifier [0x00F25904+1577972]
	GetHandleVerifier [0x00FD0B97+2279047]
	GetHandleVerifier [0x00E26D09+534521]
	GetHandleVerifier [0x00E25DB9+530601]
	Ordinal0 [0x00D34FF9+2117625]
	Ordinal0 [0x00D398A8+2136232]
	Ordinal0 [0x00D399E2+2136546]
	Ordinal0 [0x00D43541+2176321]
	BaseThreadInitThunk [0x75B4FA29+25]
	RtlGetAppContainerNamedObjectPath [0x77807A9E+286]
	RtlGetAppContainerNamedObjectPath [0x77807A6E+238]

C:\Users\jhunter\PycharmProjects\SeleniumExamples\UnitTest\unittest7.py:35: DeprecationWarning: find_element_by_* commands are deprecated. Please use find_element() instead
  self.driver.find_element_by_xpath("//a[@tittle='Create Menu']").click()
</p>
                            </td>
                        </tr>
                        <tr>
                            <td colspan="3">
                                Total: 2, Pass: 1, Error: 1 -- Duration: 6.69 s
                            </td>
                        </tr>
                    </tbody>
                </table>
            </div>
        </div>
    </div>
    <script src="https://ajax.googleapis.com/ajax/libs/jquery/2.2.4/jquery.min.js"></script>
    <script type="text/javascript">
        $(document).ready(function(){
            $('td').on('click', '.btn', function(e){
                e.preventDefault();
                e.stopImmediatePropagation();
                var $this = $(this);
                var $nextRow = $this.closest('tr').next('tr');
                $nextRow.slideToggle("fast");
                $this.text(function(i, text){
                    if (text === 'View') {
                        return 'Hide';
                    } else {
                        return 'View';
                    };
                });
            });
        });
    </script>
</body>
</html